{'device': 0, 'log_steps': 5, 'model_name': 'sage', 'num_layers': 3, 'hidden_channels': 256, 'lr': 0.01, 'epochs': 300, 'runs': 1, 'train_mode': 'batch', 'wandb': False, 'use_virtual': False, 'num_parts': 100, 'small_trainingset': 1.0, 'neighbor1': 6, 'neighbor2': 5, 'neighbor3': 5, 'dropout': 0.5, 'batch_size': 1024}
Run: 01, Epoch: 05, Loss: 1.0850, Train: 71.22%, Valid: 69.37% Test: 67.49%
Run: 01, Epoch: 10, Loss: 0.8812, Train: 73.67%, Valid: 70.77% Test: 70.41%
Run: 01, Epoch: 15, Loss: 0.7858, Train: 76.16%, Valid: 70.68% Test: 69.97%
Run: 01, Epoch: 20, Loss: 0.7024, Train: 78.14%, Valid: 68.70% Test: 66.22%
Run: 01, Epoch: 25, Loss: 0.6215, Train: 82.15%, Valid: 69.57% Test: 68.53%
Run: 01, Epoch: 30, Loss: 0.5398, Train: 84.69%, Valid: 68.30% Test: 67.29%
Run: 01, Epoch: 35, Loss: 0.4908, Train: 87.23%, Valid: 68.25% Test: 66.57%
Run: 01, Epoch: 40, Loss: 0.4323, Train: 88.91%, Valid: 68.25% Test: 66.32%
Run: 01, Epoch: 45, Loss: 0.4003, Train: 89.43%, Valid: 68.11% Test: 66.88%
Run: 01, Epoch: 50, Loss: 0.3631, Train: 91.02%, Valid: 66.28% Test: 65.01%
Run: 01, Epoch: 55, Loss: 0.3275, Train: 91.65%, Valid: 66.69% Test: 65.90%
Run: 01, Epoch: 60, Loss: 0.3075, Train: 92.50%, Valid: 66.94% Test: 66.08%
Run: 01, Epoch: 65, Loss: 0.2892, Train: 93.38%, Valid: 66.73% Test: 65.51%
Run: 01, Epoch: 70, Loss: 0.2690, Train: 93.78%, Valid: 66.41% Test: 64.92%
Run: 01, Epoch: 75, Loss: 0.2581, Train: 94.40%, Valid: 65.98% Test: 64.62%
Run: 01, Epoch: 80, Loss: 0.2393, Train: 94.71%, Valid: 65.27% Test: 64.00%
Run: 01, Epoch: 85, Loss: 0.2359, Train: 95.46%, Valid: 65.78% Test: 64.51%
Run: 01, Epoch: 90, Loss: 0.2298, Train: 95.97%, Valid: 65.88% Test: 64.37%
Run: 01, Epoch: 95, Loss: 0.2093, Train: 95.93%, Valid: 65.15% Test: 63.78%
Run: 01, Epoch: 100, Loss: 0.2121, Train: 95.83%, Valid: 65.15% Test: 64.35%
Run: 01, Epoch: 105, Loss: 0.1969, Train: 96.69%, Valid: 65.10% Test: 63.19%
Run: 01, Epoch: 110, Loss: 0.1925, Train: 96.51%, Valid: 65.14% Test: 63.11%
Run: 01, Epoch: 115, Loss: 0.1902, Train: 96.93%, Valid: 65.69% Test: 63.61%
Run: 01, Epoch: 120, Loss: 0.1821, Train: 96.75%, Valid: 64.68% Test: 63.04%
Run: 01, Epoch: 125, Loss: 0.1783, Train: 97.23%, Valid: 65.53% Test: 63.65%
Run: 01, Epoch: 130, Loss: 0.1657, Train: 97.22%, Valid: 64.91% Test: 63.51%
Run: 01, Epoch: 135, Loss: 0.1696, Train: 97.31%, Valid: 65.02% Test: 63.24%
Run: 01, Epoch: 140, Loss: 0.1624, Train: 97.50%, Valid: 64.79% Test: 63.61%
Run: 01, Epoch: 145, Loss: 0.1623, Train: 97.59%, Valid: 65.17% Test: 63.75%
Run: 01, Epoch: 150, Loss: 0.1615, Train: 97.71%, Valid: 64.96% Test: 63.46%
Run: 01, Epoch: 155, Loss: 0.1476, Train: 98.16%, Valid: 64.66% Test: 63.35%
Run: 01, Epoch: 160, Loss: 0.1501, Train: 97.91%, Valid: 64.52% Test: 62.90%
Run: 01, Epoch: 165, Loss: 0.1456, Train: 98.10%, Valid: 64.60% Test: 62.89%
Run: 01, Epoch: 170, Loss: 0.1371, Train: 98.31%, Valid: 65.32% Test: 63.78%
Run: 01, Epoch: 175, Loss: 0.1380, Train: 98.40%, Valid: 64.80% Test: 63.28%
Run: 01, Epoch: 180, Loss: 0.1447, Train: 98.21%, Valid: 64.76% Test: 63.32%
Run: 01, Epoch: 185, Loss: 0.1283, Train: 98.48%, Valid: 64.38% Test: 62.40%
Run: 01, Epoch: 190, Loss: 0.1412, Train: 97.99%, Valid: 64.45% Test: 62.36%
Run: 01, Epoch: 195, Loss: 0.1319, Train: 98.00%, Valid: 64.98% Test: 63.28%
Run: 01, Epoch: 200, Loss: 0.1273, Train: 98.53%, Valid: 64.78% Test: 63.24%
Run: 01, Epoch: 205, Loss: 0.1277, Train: 98.33%, Valid: 64.60% Test: 62.64%
Run: 01, Epoch: 210, Loss: 0.1227, Train: 98.42%, Valid: 64.57% Test: 62.55%
Run: 01, Epoch: 215, Loss: 0.1222, Train: 98.41%, Valid: 64.72% Test: 62.69%
Run: 01, Epoch: 220, Loss: 0.1262, Train: 98.45%, Valid: 64.91% Test: 62.99%
Run: 01, Epoch: 225, Loss: 0.1185, Train: 98.59%, Valid: 64.76% Test: 62.84%
Run: 01, Epoch: 230, Loss: 0.1154, Train: 98.70%, Valid: 64.44% Test: 63.12%
Run: 01, Epoch: 235, Loss: 0.1192, Train: 98.39%, Valid: 64.71% Test: 62.43%
Run: 01, Epoch: 240, Loss: 0.1152, Train: 98.58%, Valid: 64.83% Test: 63.33%
Run: 01, Epoch: 245, Loss: 0.1145, Train: 98.73%, Valid: 64.41% Test: 63.04%
Run: 01, Epoch: 250, Loss: 0.1114, Train: 98.78%, Valid: 64.07% Test: 61.93%
Run: 01, Epoch: 255, Loss: 0.1100, Train: 98.73%, Valid: 64.28% Test: 62.50%
Run: 01, Epoch: 260, Loss: 0.1110, Train: 98.89%, Valid: 64.83% Test: 63.39%
Run: 01, Epoch: 265, Loss: 0.1097, Train: 98.50%, Valid: 64.17% Test: 62.28%
Run: 01, Epoch: 270, Loss: 0.1121, Train: 98.80%, Valid: 64.56% Test: 62.56%
Run: 01, Epoch: 275, Loss: 0.1022, Train: 99.05%, Valid: 64.60% Test: 63.01%
Run: 01, Epoch: 280, Loss: 0.1008, Train: 99.15%, Valid: 64.56% Test: 62.72%
Run: 01, Epoch: 285, Loss: 0.1136, Train: 98.70%, Valid: 64.03% Test: 62.54%
Run: 01, Epoch: 290, Loss: 0.1023, Train: 98.96%, Valid: 64.23% Test: 62.60%
Run: 01, Epoch: 295, Loss: 0.1022, Train: 98.89%, Valid: 64.03% Test: 62.16%
Run: 01, Epoch: 300, Loss: 0.0996, Train: 99.13%, Valid: 64.43% Test: 63.40%
Run 01:
Highest Train: 99.15
Highest Valid: 70.77
  Final Train: 73.67
   Final Test: 70.41
