{'device': 1, 'log_steps': 5, 'model_name': 'sage', 'num_layers': 3, 'hidden_channels': 256, 'lr': 0.01, 'epochs': 300, 'runs': 1, 'train_mode': 'batch', 'wandb': False, 'use_virtual': True, 'num_parts': 100, 'small_trainingset': 1.0, 'neighbor1': 6, 'neighbor2': 5, 'neighbor3': 5, 'dropout': 0.5, 'batch_size': 1024}
Computing METIS partitioning...
cnt: 4345, time: 15.765067338943481s, full graph cnt: 9900
Done!
Run: 01, Epoch: 05, Loss: 1.0689, Train: 70.42%, Valid: 70.57% Test: 70.05%
Run: 01, Epoch: 10, Loss: 0.8757, Train: 72.00%, Valid: 72.10% Test: 71.81%
Run: 01, Epoch: 15, Loss: 0.7716, Train: 73.80%, Valid: 74.21% Test: 73.30%
Run: 01, Epoch: 20, Loss: 0.6937, Train: 74.46%, Valid: 74.92% Test: 74.14%
Run: 01, Epoch: 25, Loss: 0.6204, Train: 76.50%, Valid: 76.73% Test: 75.88%
Run: 01, Epoch: 30, Loss: 0.5502, Train: 77.48%, Valid: 77.47% Test: 76.73%
Run: 01, Epoch: 35, Loss: 0.4993, Train: 78.13%, Valid: 78.19% Test: 77.69%
Run: 01, Epoch: 40, Loss: 0.4356, Train: 78.73%, Valid: 78.81% Test: 78.41%
Run: 01, Epoch: 45, Loss: 0.3977, Train: 78.58%, Valid: 78.82% Test: 78.14%
Run: 01, Epoch: 50, Loss: 0.3612, Train: 79.69%, Valid: 79.65% Test: 79.08%
Run: 01, Epoch: 55, Loss: 0.3303, Train: 80.33%, Valid: 80.13% Test: 79.78%
Run: 01, Epoch: 60, Loss: 0.3079, Train: 79.86%, Valid: 80.03% Test: 79.59%
Run: 01, Epoch: 65, Loss: 0.2917, Train: 80.12%, Valid: 80.00% Test: 79.84%
Run: 01, Epoch: 70, Loss: 0.2764, Train: 80.73%, Valid: 80.65% Test: 80.47%
Run: 01, Epoch: 75, Loss: 0.2651, Train: 80.55%, Valid: 80.50% Test: 80.36%
Run: 01, Epoch: 80, Loss: 0.2451, Train: 81.58%, Valid: 81.72% Test: 81.13%
Run: 01, Epoch: 85, Loss: 0.2405, Train: 81.26%, Valid: 81.16% Test: 80.94%
Run: 01, Epoch: 90, Loss: 0.2257, Train: 81.68%, Valid: 81.38% Test: 81.04%
Run: 01, Epoch: 95, Loss: 0.2268, Train: 81.67%, Valid: 81.59% Test: 81.33%
Run: 01, Epoch: 100, Loss: 0.2125, Train: 81.60%, Valid: 81.51% Test: 81.27%
Run: 01, Epoch: 105, Loss: 0.2096, Train: 81.36%, Valid: 81.46% Test: 81.25%
Run: 01, Epoch: 110, Loss: 0.2079, Train: 81.52%, Valid: 81.54% Test: 81.23%
Run: 01, Epoch: 115, Loss: 0.1911, Train: 81.47%, Valid: 81.53% Test: 80.93%
Run: 01, Epoch: 120, Loss: 0.1945, Train: 81.37%, Valid: 81.19% Test: 81.19%
Run: 01, Epoch: 125, Loss: 0.1821, Train: 81.82%, Valid: 81.72% Test: 81.48%
Run: 01, Epoch: 130, Loss: 0.1762, Train: 81.98%, Valid: 82.00% Test: 81.71%
Run: 01, Epoch: 135, Loss: 0.1715, Train: 81.60%, Valid: 81.67% Test: 81.24%
Run: 01, Epoch: 140, Loss: 0.1677, Train: 81.74%, Valid: 81.86% Test: 81.48%
Run: 01, Epoch: 145, Loss: 0.1699, Train: 81.94%, Valid: 81.94% Test: 81.70%
Run: 01, Epoch: 150, Loss: 0.1588, Train: 81.80%, Valid: 81.91% Test: 81.47%
Run: 01, Epoch: 155, Loss: 0.1520, Train: 81.91%, Valid: 81.88% Test: 81.37%
Run: 01, Epoch: 160, Loss: 0.1624, Train: 81.74%, Valid: 81.64% Test: 81.32%
Run: 01, Epoch: 165, Loss: 0.1502, Train: 82.25%, Valid: 82.23% Test: 81.75%
Run: 01, Epoch: 170, Loss: 0.1506, Train: 82.35%, Valid: 82.10% Test: 81.96%
Run: 01, Epoch: 175, Loss: 0.1464, Train: 81.54%, Valid: 81.67% Test: 81.62%
Run: 01, Epoch: 180, Loss: 0.1415, Train: 81.94%, Valid: 81.90% Test: 81.76%
Run: 01, Epoch: 185, Loss: 0.1426, Train: 82.33%, Valid: 82.37% Test: 82.06%
Run: 01, Epoch: 190, Loss: 0.1415, Train: 82.20%, Valid: 81.98% Test: 81.70%
Run: 01, Epoch: 195, Loss: 0.1394, Train: 82.13%, Valid: 82.09% Test: 81.88%
Run: 01, Epoch: 200, Loss: 0.1365, Train: 81.99%, Valid: 81.80% Test: 81.79%
Run: 01, Epoch: 205, Loss: 0.1346, Train: 82.36%, Valid: 82.31% Test: 82.04%
Run: 01, Epoch: 210, Loss: 0.1324, Train: 82.22%, Valid: 82.24% Test: 81.76%
Run: 01, Epoch: 215, Loss: 0.1241, Train: 82.13%, Valid: 82.31% Test: 82.01%
Run: 01, Epoch: 220, Loss: 0.1280, Train: 82.29%, Valid: 82.24% Test: 82.01%
Run: 01, Epoch: 225, Loss: 0.1227, Train: 82.25%, Valid: 82.19% Test: 81.90%
Run: 01, Epoch: 230, Loss: 0.1322, Train: 81.86%, Valid: 81.77% Test: 81.48%
Run: 01, Epoch: 235, Loss: 0.1240, Train: 82.11%, Valid: 82.07% Test: 81.70%
Run: 01, Epoch: 240, Loss: 0.1147, Train: 82.58%, Valid: 82.57% Test: 82.32%
Run: 01, Epoch: 245, Loss: 0.1237, Train: 82.19%, Valid: 82.00% Test: 81.83%
Run: 01, Epoch: 250, Loss: 0.1201, Train: 82.24%, Valid: 82.10% Test: 81.83%
Run: 01, Epoch: 255, Loss: 0.1133, Train: 82.31%, Valid: 82.16% Test: 81.98%
Run: 01, Epoch: 260, Loss: 0.1126, Train: 81.98%, Valid: 81.90% Test: 81.53%
Run: 01, Epoch: 265, Loss: 0.1130, Train: 82.25%, Valid: 82.14% Test: 81.89%
Run: 01, Epoch: 270, Loss: 0.1170, Train: 82.22%, Valid: 81.69% Test: 81.60%
Run: 01, Epoch: 275, Loss: 0.1116, Train: 82.22%, Valid: 82.21% Test: 81.93%
Run: 01, Epoch: 280, Loss: 0.1078, Train: 82.21%, Valid: 81.79% Test: 81.73%
Run: 01, Epoch: 285, Loss: 0.1011, Train: 82.37%, Valid: 82.10% Test: 81.99%
Run: 01, Epoch: 290, Loss: 0.1017, Train: 82.26%, Valid: 82.10% Test: 81.83%
Run: 01, Epoch: 295, Loss: 0.1023, Train: 82.22%, Valid: 82.09% Test: 82.01%
Run: 01, Epoch: 300, Loss: 0.1077, Train: 82.57%, Valid: 82.65% Test: 82.22%
Run 01:
Highest Train: 82.58
Highest Valid: 82.65
  Final Train: 82.57
   Final Test: 82.22
